Using pre-set license
Built from '2020.3/staging' branch; Version is '2020.3.0f1 (c7b5465681fb) revision 13088070'; Using compiler version '192528614'; Build Type 'Release'
OS: 'Windows 10 Pro; OS build 19042.867; Version 2009; 64bit' Language: 'en' Physical Memory: 16335 MB
BatchMode: 1, IsHumanControllingUs: 0, StartBugReporterOnCrash: 0, Is64bit: 1, IsPro: 0

 COMMAND LINE ARGUMENTS:
C:\Program Files\Unity\Hub\Editor\2020.3.0f1\Editor\Unity.exe
-adb2
-batchMode
-noUpm
-name
AssetImportWorker0
-projectPath
C:/Users/pjgf1/OneDrive/Desktop/MyGames/GitRepository/ProjetoLEIM_45147_46565
-logFile
Logs/AssetImportWorker0.log
-srvPort
64971
Successfully changed project path to: C:/Users/pjgf1/OneDrive/Desktop/MyGames/GitRepository/ProjetoLEIM_45147_46565
C:/Users/pjgf1/OneDrive/Desktop/MyGames/GitRepository/ProjetoLEIM_45147_46565
Using Asset Import Pipeline V2.
Refreshing native plugins compatible for Editor in 40.69 ms, found 1 plugins.
Preloading 0 native plugins for Editor in 0.00 ms.
Initialize engine version: 2020.3.0f1 (c7b5465681fb)
[Subsystems] Discovering subsystems at path C:/Program Files/Unity/Hub/Editor/2020.3.0f1/Editor/Data/Resources/UnitySubsystems
[Subsystems] Discovering subsystems at path C:/Users/pjgf1/OneDrive/Desktop/MyGames/GitRepository/ProjetoLEIM_45147_46565/Assets
GfxDevice: creating device client; threaded=0
Direct3D:
    Version:  Direct3D 11.0 [level 11.1]
    Renderer: AMD Radeon RX 5700 XT (ID=0x731f)
    Vendor:   
    VRAM:     8152 MB
    Driver:   27.20.14501.18003
Initialize mono
Mono path[0] = 'C:/Program Files/Unity/Hub/Editor/2020.3.0f1/Editor/Data/Managed'
Mono path[1] = 'C:/Program Files/Unity/Hub/Editor/2020.3.0f1/Editor/Data/MonoBleedingEdge/lib/mono/unityjit'
Mono config path = 'C:/Program Files/Unity/Hub/Editor/2020.3.0f1/Editor/Data/MonoBleedingEdge/etc'
Using monoOptions --debugger-agent=transport=dt_socket,embedding=1,server=y,suspend=n,address=127.0.0.1:56596
Begin MonoManager ReloadAssembly
Registering precompiled unity dll's ...
Register platform support module: C:/Program Files/Unity/Hub/Editor/2020.3.0f1/Editor/Data/PlaybackEngines/WindowsStandaloneSupport/UnityEditor.WindowsStandalone.Extensions.dll
Registered in 0.001645 seconds.
Native extension for WindowsStandalone target not found
Refreshing native plugins compatible for Editor in 40.30 ms, found 1 plugins.
Preloading 0 native plugins for Editor in 0.00 ms.
Invoked RoslynAnalysisRunner static constructor.
RoslynAnalysisRunner will not be running.
RoslynAnalysisRunner has terminated.
Mono: successfully reloaded assembly
- Completed reload, in  0.813 seconds
Platform modules already initialized, skipping
Registering precompiled user dll's ...
Registered in 0.000691 seconds.
Begin MonoManager ReloadAssembly
Native extension for WindowsStandalone target not found
Refreshing native plugins compatible for Editor in 40.65 ms, found 1 plugins.
Preloading 0 native plugins for Editor in 0.00 ms.
Invoked RoslynAnalysisRunner static constructor.
RoslynAnalysisRunner will not be running.
RoslynAnalysisRunner has terminated.
Mono: successfully reloaded assembly
- Completed reload, in  0.802 seconds
Platform modules already initialized, skipping
========================================================================
Worker process is ready to serve import requests
Launched and connected shader compiler UnityShaderCompiler.exe after 0.03 seconds
Refreshing native plugins compatible for Editor in 0.45 ms, found 1 plugins.
Preloading 0 native plugins for Editor in 0.00 ms.
Unloading 2187 Unused Serialized files (Serialized files now loaded: 0)
System memory in use before: 99.1 MB.
System memory in use after: 99.2 MB.

Unloading 22 unused Assets to reduce memory usage. Loaded Objects now: 2637.
Total: 1.875300 ms (FindLiveObjects: 0.213800 ms CreateObjectMapping: 0.069900 ms MarkObjects: 1.536300 ms  DeleteObjects: 0.054200 ms)

========================================================================
Received Import Request.
  path: Assets/TilePalettes
  artifactKey: Guid(918a4cee82c08a64b99ee3c0a0998711) Importer(815301076,1909f56bfc062723c751e8b465ee728b)
Start importing Assets/TilePalettes using Guid(918a4cee82c08a64b99ee3c0a0998711) Importer(815301076,1909f56bfc062723c751e8b465ee728b)  -> (artifact id: 'eef6ce2c95c79ae4d5d669b1ff9c8140') in 0.011212 seconds
  Import took 0.014929 seconds .

========================================================================
Received Import Request.
  Time since last request: 225.534349 seconds.
  path: Assets/Sprites/TerrainSprites/Forest/Tiles/sprites4TilePalette/StoneWallTiles/stoneWallTiles_0.asset
  artifactKey: Guid(d2c66e7568d63e54aa59f5def2892c1f) Importer(815301076,1909f56bfc062723c751e8b465ee728b)
Start importing Assets/Sprites/TerrainSprites/Forest/Tiles/sprites4TilePalette/StoneWallTiles/stoneWallTiles_0.asset using Guid(d2c66e7568d63e54aa59f5def2892c1f) Importer(815301076,1909f56bfc062723c751e8b465ee728b)  -> (artifact id: '51cdef8a039c5e19814c01834ccd0950') in 0.073108 seconds
  Import took 0.077107 seconds .

========================================================================
Received Import Request.
  Time since last request: 0.000187 seconds.
  path: Assets/Sprites/TerrainSprites/Forest/Tiles/sprites4TilePalette/StoneWallTiles/stoneWallTiles_4.asset
  artifactKey: Guid(53253baf0ad59b14db3ec66cff015739) Importer(815301076,1909f56bfc062723c751e8b465ee728b)
Start importing Assets/Sprites/TerrainSprites/Forest/Tiles/sprites4TilePalette/StoneWallTiles/stoneWallTiles_4.asset using Guid(53253baf0ad59b14db3ec66cff015739) Importer(815301076,1909f56bfc062723c751e8b465ee728b)  -> (artifact id: 'b60655a28da5fbb4e4e187c073698b37') in 0.014013 seconds
  Import took 0.017938 seconds .

========================================================================
Received Import Request.
  Time since last request: 0.000140 seconds.
  path: Assets/Sprites/TerrainSprites/Forest/Tiles/sprites4TilePalette/StoneWallTiles/stoneWallTiles_1.asset
  artifactKey: Guid(e04a89ea1c0292d4db576e10db052b6a) Importer(815301076,1909f56bfc062723c751e8b465ee728b)
Start importing Assets/Sprites/TerrainSprites/Forest/Tiles/sprites4TilePalette/StoneWallTiles/stoneWallTiles_1.asset using Guid(e04a89ea1c0292d4db576e10db052b6a) Importer(815301076,1909f56bfc062723c751e8b465ee728b)  -> (artifact id: '05dddd64f75293f15ef22d87fe54361e') in 0.013304 seconds
  Import took 0.016674 seconds .

========================================================================
Received Import Request.
  Time since last request: 0.000160 seconds.
  path: Assets/Sprites/TerrainSprites/Forest/Tiles/sprites4TilePalette/StoneWallTiles/stoneWallTiles_5.asset
  artifactKey: Guid(764a3f0f4acd47c4dbcb1eec4f07746c) Importer(815301076,1909f56bfc062723c751e8b465ee728b)
Start importing Assets/Sprites/TerrainSprites/Forest/Tiles/sprites4TilePalette/StoneWallTiles/stoneWallTiles_5.asset using Guid(764a3f0f4acd47c4dbcb1eec4f07746c) Importer(815301076,1909f56bfc062723c751e8b465ee728b)  -> (artifact id: 'f6d7ab587542dc6336bb62d4468779d6') in 0.014036 seconds
  Import took 0.017227 seconds .

========================================================================
Received Import Request.
  Time since last request: 0.000138 seconds.
  path: Assets/Sprites/TerrainSprites/Forest/Tiles/sprites4TilePalette/StoneWallTiles/stoneWallTiles_3.asset
  artifactKey: Guid(3663066438e6f864ab3476f431d8a66f) Importer(815301076,1909f56bfc062723c751e8b465ee728b)
Start importing Assets/Sprites/TerrainSprites/Forest/Tiles/sprites4TilePalette/StoneWallTiles/stoneWallTiles_3.asset using Guid(3663066438e6f864ab3476f431d8a66f) Importer(815301076,1909f56bfc062723c751e8b465ee728b)  -> (artifact id: 'e224d54c5994df2f02b91afba0969737') in 0.013205 seconds
  Import took 0.016453 seconds .

========================================================================
Received Import Request.
  Time since last request: 0.000165 seconds.
  path: Assets/Sprites/TerrainSprites/Forest/Tiles/sprites4TilePalette/StoneWallTiles/stoneWallTiles_2.asset
  artifactKey: Guid(2eb94e4f0929bc44995ae4142a35a971) Importer(815301076,1909f56bfc062723c751e8b465ee728b)
Start importing Assets/Sprites/TerrainSprites/Forest/Tiles/sprites4TilePalette/StoneWallTiles/stoneWallTiles_2.asset using Guid(2eb94e4f0929bc44995ae4142a35a971) Importer(815301076,1909f56bfc062723c751e8b465ee728b)  -> (artifact id: '4101dfc27093971b332443b6034fc5be') in 0.012843 seconds
  Import took 0.016175 seconds .

========================================================================
Received Import Request.
  Time since last request: 0.000142 seconds.
  path: Assets/Sprites/TerrainSprites/Forest/Tiles/sprites4TilePalette/StoneWallTiles/stoneWallTiles_7.asset
  artifactKey: Guid(95b475aa2845e3d4e8a4c09792189bc3) Importer(815301076,1909f56bfc062723c751e8b465ee728b)
Start importing Assets/Sprites/TerrainSprites/Forest/Tiles/sprites4TilePalette/StoneWallTiles/stoneWallTiles_7.asset using Guid(95b475aa2845e3d4e8a4c09792189bc3) Importer(815301076,1909f56bfc062723c751e8b465ee728b)  -> (artifact id: 'c16238ea5a2e43cd52f53586c1e7b561') in 0.011502 seconds
  Import took 0.014735 seconds .

========================================================================
Received Import Request.
  Time since last request: 0.000162 seconds.
  path: Assets/Sprites/TerrainSprites/Forest/Tiles/sprites4TilePalette/StoneWallTiles/stoneWallTiles_6.asset
  artifactKey: Guid(11800ce1c11b4bf46846d789bc35ff1b) Importer(815301076,1909f56bfc062723c751e8b465ee728b)
Start importing Assets/Sprites/TerrainSprites/Forest/Tiles/sprites4TilePalette/StoneWallTiles/stoneWallTiles_6.asset using Guid(11800ce1c11b4bf46846d789bc35ff1b) Importer(815301076,1909f56bfc062723c751e8b465ee728b)  -> (artifact id: 'd12d8a71fbda7c97d981922f1c2cfd88') in 0.013392 seconds
  Import took 0.017045 seconds .

AssetImportWorkerClient::OnTransportError - code=2 error=End of file
