Using pre-set license
Built from '2020.3/staging' branch; Version is '2020.3.0f1 (c7b5465681fb) revision 13088070'; Using compiler version '192528614'; Build Type 'Release'
OS: 'Windows 10 Pro; OS build 19042.867; Version 2009; 64bit' Language: 'en' Physical Memory: 16335 MB
BatchMode: 1, IsHumanControllingUs: 0, StartBugReporterOnCrash: 0, Is64bit: 1, IsPro: 0

 COMMAND LINE ARGUMENTS:
C:\Program Files\Unity\Hub\Editor\2020.3.0f1\Editor\Unity.exe
-adb2
-batchMode
-noUpm
-name
AssetImportWorker0
-projectPath
C:/Users/pjgf1/OneDrive/Desktop/MyGames/GitRepository/ProjetoLEIM_45147_46565
-logFile
Logs/AssetImportWorker0.log
-srvPort
61027
Successfully changed project path to: C:/Users/pjgf1/OneDrive/Desktop/MyGames/GitRepository/ProjetoLEIM_45147_46565
C:/Users/pjgf1/OneDrive/Desktop/MyGames/GitRepository/ProjetoLEIM_45147_46565
Using Asset Import Pipeline V2.
Refreshing native plugins compatible for Editor in 34.77 ms, found 0 plugins.
Preloading 0 native plugins for Editor in 0.00 ms.
Initialize engine version: 2020.3.0f1 (c7b5465681fb)
[Subsystems] Discovering subsystems at path C:/Program Files/Unity/Hub/Editor/2020.3.0f1/Editor/Data/Resources/UnitySubsystems
[Subsystems] Discovering subsystems at path C:/Users/pjgf1/OneDrive/Desktop/MyGames/GitRepository/ProjetoLEIM_45147_46565/Assets
GfxDevice: creating device client; threaded=0
Direct3D:
    Version:  Direct3D 11.0 [level 11.1]
    Renderer: AMD Radeon RX 5700 XT (ID=0x731f)
    Vendor:   
    VRAM:     8152 MB
    Driver:   27.20.14501.18003
Initialize mono
Mono path[0] = 'C:/Program Files/Unity/Hub/Editor/2020.3.0f1/Editor/Data/Managed'
Mono path[1] = 'C:/Program Files/Unity/Hub/Editor/2020.3.0f1/Editor/Data/MonoBleedingEdge/lib/mono/unityjit'
Mono config path = 'C:/Program Files/Unity/Hub/Editor/2020.3.0f1/Editor/Data/MonoBleedingEdge/etc'
Using monoOptions --debugger-agent=transport=dt_socket,embedding=1,server=y,suspend=n,address=127.0.0.1:56696
Begin MonoManager ReloadAssembly
Registering precompiled unity dll's ...
Register platform support module: C:/Program Files/Unity/Hub/Editor/2020.3.0f1/Editor/Data/PlaybackEngines/WindowsStandaloneSupport/UnityEditor.WindowsStandalone.Extensions.dll
Registered in 0.001658 seconds.
Native extension for WindowsStandalone target not found
Refreshing native plugins compatible for Editor in 35.69 ms, found 0 plugins.
Preloading 0 native plugins for Editor in 0.00 ms.
Invoked RoslynAnalysisRunner static constructor.
RoslynAnalysisRunner will not be running.
RoslynAnalysisRunner has terminated.
Mono: successfully reloaded assembly
- Completed reload, in  0.996 seconds
Platform modules already initialized, skipping
Registering precompiled user dll's ...
Registered in 0.000594 seconds.
Begin MonoManager ReloadAssembly
Native extension for WindowsStandalone target not found
Refreshing native plugins compatible for Editor in 39.36 ms, found 0 plugins.
Preloading 0 native plugins for Editor in 0.00 ms.
Invoked RoslynAnalysisRunner static constructor.
RoslynAnalysisRunner will not be running.
RoslynAnalysisRunner has terminated.
Mono: successfully reloaded assembly
- Completed reload, in  0.849 seconds
Platform modules already initialized, skipping
========================================================================
Worker process is ready to serve import requests
Launched and connected shader compiler UnityShaderCompiler.exe after 0.04 seconds
Refreshing native plugins compatible for Editor in 0.35 ms, found 0 plugins.
Preloading 0 native plugins for Editor in 0.00 ms.
Unloading 1605 Unused Serialized files (Serialized files now loaded: 0)
System memory in use before: 75.0 MB.
System memory in use after: 75.1 MB.

Unloading 16 unused Assets to reduce memory usage. Loaded Objects now: 2053.
Total: 1.741800 ms (FindLiveObjects: 0.186100 ms CreateObjectMapping: 0.046600 ms MarkObjects: 1.457000 ms  DeleteObjects: 0.051200 ms)

========================================================================
Received Import Request.
  path: Assets/Sprites/CharSprites/Run
  artifactKey: Guid(7fcc5d72db4b48e4b875e2da9ae1ca6e) Importer(815301076,1909f56bfc062723c751e8b465ee728b)
Start importing Assets/Sprites/CharSprites/Run using Guid(7fcc5d72db4b48e4b875e2da9ae1ca6e) Importer(815301076,1909f56bfc062723c751e8b465ee728b)  -> (artifact id: 'cc5cfcf3dc1f4a927df1417e9c1a97da') in 0.012849 seconds
  Import took 0.016248 seconds .

========================================================================
Received Import Request.
  Time since last request: 5.547774 seconds.
  path: Assets/Scripts/CharScripts/PlayerMove.cs
  artifactKey: Guid(6f31e73376a8f3f41a4a71d6a6ca1cf6) Importer(815301076,1909f56bfc062723c751e8b465ee728b)
Start importing Assets/Scripts/CharScripts/PlayerMove.cs using Guid(6f31e73376a8f3f41a4a71d6a6ca1cf6) Importer(815301076,1909f56bfc062723c751e8b465ee728b)  -> (artifact id: 'a54e4edb709c3b667e5bcae94b80ae49') in 0.013471 seconds
  Import took 0.016773 seconds .

========================================================================
Received Import Request.
  Time since last request: 0.022357 seconds.
  path: Assets/Scripts/CharScripts/PlayerMove.cs
  artifactKey: Guid(6f31e73376a8f3f41a4a71d6a6ca1cf6) Importer(815301076,1909f56bfc062723c751e8b465ee728b)
Start importing Assets/Scripts/CharScripts/PlayerMove.cs using Guid(6f31e73376a8f3f41a4a71d6a6ca1cf6) Importer(815301076,1909f56bfc062723c751e8b465ee728b)  -> (artifact id: 'a54e4edb709c3b667e5bcae94b80ae49') in 0.004149 seconds
  Import took 0.007970 seconds .

========================================================================
Received Prepare
Registering precompiled user dll's ...
Registered in 0.000671 seconds.
Begin MonoManager ReloadAssembly
Native extension for WindowsStandalone target not found
Refreshing native plugins compatible for Editor in 0.32 ms, found 0 plugins.
Preloading 0 native plugins for Editor in 0.00 ms.
Invoked RoslynAnalysisRunner static constructor.
RoslynAnalysisRunner will not be running.
RoslynAnalysisRunner has terminated.
Mono: successfully reloaded assembly
- Completed reload, in  0.693 seconds
Platform modules already initialized, skipping
Refreshing native plugins compatible for Editor in 0.23 ms, found 0 plugins.
Preloading 0 native plugins for Editor in 0.00 ms.
Unloading 1598 Unused Serialized files (Serialized files now loaded: 0)
System memory in use before: 75.1 MB.
System memory in use after: 75.2 MB.

Unloading 6 unused Assets to reduce memory usage. Loaded Objects now: 2056.
Total: 1.680800 ms (FindLiveObjects: 0.187500 ms CreateObjectMapping: 0.050900 ms MarkObjects: 1.431300 ms  DeleteObjects: 0.010200 ms)

========================================================================
Received Import Request.
  Time since last request: 32.931257 seconds.
  path: Assets/Scripts/CharScripts/PlayerMove.cs
  artifactKey: Guid(6f31e73376a8f3f41a4a71d6a6ca1cf6) Importer(815301076,1909f56bfc062723c751e8b465ee728b)
Start importing Assets/Scripts/CharScripts/PlayerMove.cs using Guid(6f31e73376a8f3f41a4a71d6a6ca1cf6) Importer(815301076,1909f56bfc062723c751e8b465ee728b)  -> (artifact id: 'c4f2b94c7085a1397f1bba0a869259bb') in 0.004895 seconds
  Import took 0.007410 seconds .

========================================================================
Received Prepare
Registering precompiled user dll's ...
Registered in 0.000689 seconds.
Begin MonoManager ReloadAssembly
Native extension for WindowsStandalone target not found
Refreshing native plugins compatible for Editor in 0.31 ms, found 0 plugins.
Preloading 0 native plugins for Editor in 0.00 ms.
Invoked RoslynAnalysisRunner static constructor.
RoslynAnalysisRunner will not be running.
RoslynAnalysisRunner has terminated.
Mono: successfully reloaded assembly
- Completed reload, in  0.693 seconds
Platform modules already initialized, skipping
Refreshing native plugins compatible for Editor in 0.32 ms, found 0 plugins.
Preloading 0 native plugins for Editor in 0.00 ms.
Unloading 1598 Unused Serialized files (Serialized files now loaded: 0)
System memory in use before: 75.1 MB.
System memory in use after: 75.2 MB.

Unloading 6 unused Assets to reduce memory usage. Loaded Objects now: 2059.
Total: 1.797000 ms (FindLiveObjects: 0.229300 ms CreateObjectMapping: 0.046100 ms MarkObjects: 1.505700 ms  DeleteObjects: 0.015100 ms)

========================================================================
Received Prepare
Registering precompiled user dll's ...
Registered in 0.000598 seconds.
Begin MonoManager ReloadAssembly
Native extension for WindowsStandalone target not found
Refreshing native plugins compatible for Editor in 0.33 ms, found 0 plugins.
Preloading 0 native plugins for Editor in 0.00 ms.
Invoked RoslynAnalysisRunner static constructor.
RoslynAnalysisRunner will not be running.
RoslynAnalysisRunner has terminated.
Mono: successfully reloaded assembly
- Completed reload, in  0.683 seconds
Platform modules already initialized, skipping
Refreshing native plugins compatible for Editor in 0.32 ms, found 0 plugins.
Preloading 0 native plugins for Editor in 0.00 ms.
Unloading 1598 Unused Serialized files (Serialized files now loaded: 0)
System memory in use before: 75.1 MB.
System memory in use after: 75.2 MB.

Unloading 6 unused Assets to reduce memory usage. Loaded Objects now: 2062.
Total: 1.637000 ms (FindLiveObjects: 0.178700 ms CreateObjectMapping: 0.038200 ms MarkObjects: 1.407400 ms  DeleteObjects: 0.011600 ms)

